=/pretest.json
{
  _: [],
  f: [
    '/home/runner/work/exp-bst-iiith/exp-bst-iiith/experiment/pretest.json'
  ],
  files: [
    '/home/runner/work/exp-bst-iiith/exp-bst-iiith/experiment/pretest.json'
  ],
  c: 'assessment',
  contentTypes: 'assessment',
  'content-types': 'assessment',
  '$0': 'validate'
}
Validated true
=/bst/binary-search-tree-quiz.json
{
  _: [],
  f: [
    '/home/runner/work/exp-bst-iiith/exp-bst-iiith/experiment/bst/binary-search-tree-quiz.json'
  ],
  files: [
    '/home/runner/work/exp-bst-iiith/exp-bst-iiith/experiment/bst/binary-search-tree-quiz.json'
  ],
  c: 'assessment',
  contentTypes: 'assessment',
  'content-types': 'assessment',
  '$0': 'validate'
}
Validated true
=/bst-insert/bst-insert-quiz.json
{
  _: [],
  f: [
    '/home/runner/work/exp-bst-iiith/exp-bst-iiith/experiment/bst-insert/bst-insert-quiz.json'
  ],
  files: [
    '/home/runner/work/exp-bst-iiith/exp-bst-iiith/experiment/bst-insert/bst-insert-quiz.json'
  ],
  c: 'assessment',
  contentTypes: 'assessment',
  'content-types': 'assessment',
  '$0': 'validate'
}
Validated true
=/bst-search/bst-search-quiz.json
{
  _: [],
  f: [
    '/home/runner/work/exp-bst-iiith/exp-bst-iiith/experiment/bst-search/bst-search-quiz.json'
  ],
  files: [
    '/home/runner/work/exp-bst-iiith/exp-bst-iiith/experiment/bst-search/bst-search-quiz.json'
  ],
  c: 'assessment',
  contentTypes: 'assessment',
  'content-types': 'assessment',
  '$0': 'validate'
}
Validated true
=/bst-delete/bst-delete-quiz.json
{
  _: [],
  f: [
    '/home/runner/work/exp-bst-iiith/exp-bst-iiith/experiment/bst-delete/bst-delete-quiz.json'
  ],
  files: [
    '/home/runner/work/exp-bst-iiith/exp-bst-iiith/experiment/bst-delete/bst-delete-quiz.json'
  ],
  c: 'assessment',
  contentTypes: 'assessment',
  'content-types': 'assessment',
  '$0': 'validate'
}
Validated true
=/analysis/analysis-quiz.json
{
  _: [],
  f: [
    '/home/runner/work/exp-bst-iiith/exp-bst-iiith/experiment/analysis/analysis-quiz.json'
  ],
  files: [
    '/home/runner/work/exp-bst-iiith/exp-bst-iiith/experiment/analysis/analysis-quiz.json'
  ],
  c: 'assessment',
  contentTypes: 'assessment',
  'content-types': 'assessment',
  '$0': 'validate'
}
Validated true
=/posttest.json
{
  _: [],
  f: [
    '/home/runner/work/exp-bst-iiith/exp-bst-iiith/experiment/posttest.json'
  ],
  files: [
    '/home/runner/work/exp-bst-iiith/exp-bst-iiith/experiment/posttest.json'
  ],
  c: 'assessment',
  contentTypes: 'assessment',
  'content-types': 'assessment',
  '$0': 'validate'
}
Validated true
