code-assessment.html     http://outreach.vlabs.ac.in/
feedback.html     http://outreach.vlabs.ac.in/
further-reading-and-references.html     http://outreach.vlabs.ac.in/
index.html     http://outreach.vlabs.ac.in/
overview.html     http://outreach.vlabs.ac.in/
performance-report.html     http://vlab.co.in
posttest.html     http://outreach.vlabs.ac.in/
pretest.html     http://outreach.vlabs.ac.in/
validator-report.html     http://vlab.co.in
analysis/analysis-quiz.html     http://outreach.vlabs.ac.in/
analysis/index.html     http://outreach.vlabs.ac.in/
analysis/overview.html     http://outreach.vlabs.ac.in/
analysis/relationships.html     http://outreach.vlabs.ac.in/
analysis/uses.html     http://outreach.vlabs.ac.in/
bst-delete/bst-delete-algorithm.html     http://outreach.vlabs.ac.in/
bst-delete/bst-delete-quiz.html     http://outreach.vlabs.ac.in/
bst-delete/index.html     http://outreach.vlabs.ac.in/
bst-delete/overview.html     http://outreach.vlabs.ac.in/
bst/binary-search-tree-quiz.html     http://outreach.vlabs.ac.in/
bst/bst-concept.html     http://outreach.vlabs.ac.in/
bst/bst-properties.html     http://outreach.vlabs.ac.in/
bst/index.html     http://outreach.vlabs.ac.in/
bst-insert/bst-insert-algorithm.html     http://outreach.vlabs.ac.in/
bst-insert/bst-insert-quiz.html     http://outreach.vlabs.ac.in/
bst-insert/index.html     http://outreach.vlabs.ac.in/
bst-insert/overview.html     http://outreach.vlabs.ac.in/
bst-search/bst-search-algorithm.html     http://outreach.vlabs.ac.in/
bst-search/bst-search-quiz.html     http://outreach.vlabs.ac.in/
bst-search/index.html     http://outreach.vlabs.ac.in/
bst-search/simulation/docs/index.html     http://validator.w3.org/check?uri=referer
bst-search/simulation/docs/sitemap.html     http://validator.w3.org/check?uri=referer
bst-search/simulation/docs/org-templates/level-0.html     http://validator.w3.org/check?uri=referer
bst-search/simulation/docs/org-templates/level-1.html     http://validator.w3.org/check?uri=referer
bst-search/simulation/docs/org-templates/level-2.html     http://validator.w3.org/check?uri=referer
bst-search/simulation/docs/org-templates/level-3.html     http://validator.w3.org/check?uri=referer
bst-search/simulation/docs/org-templates/level-4.html     http://validator.w3.org/check?uri=referer
bst-search/simulation/docs/org-templates/level-5.html     http://validator.w3.org/check?uri=referer
bst-search/simulation/docs/org-templates/tex-macros.html     http://validator.w3.org/check?uri=referer
bst-search/simulation/docs/runtime/css/styles.html     http://validator.w3.org/check?uri=referer
bst-search/simulation/docs/runtime/html/bstDelete.html     http://validator.w3.org/check?uri=referer
bst-search/simulation/docs/runtime/html/bstDeleteExercise.html     http://validator.w3.org/check?uri=referer
bst-search/simulation/docs/runtime/html/bstInsert.html     http://validator.w3.org/check?uri=referer
bst-search/simulation/docs/runtime/html/bstSearch.html     http://validator.w3.org/check?uri=referer
bst-search/simulation/docs/runtime/html/bstSearchPractice.html     http://validator.w3.org/check?uri=referer
bst-search/simulation/docs/runtime/js/bstDeleteExercise_js.html     http://validator.w3.org/check?uri=referer
bst-search/simulation/docs/runtime/js/bstDelete_js.html     http://validator.w3.org/check?uri=referer
bst-search/simulation/docs/runtime/js/bstInsert_js.html     http://validator.w3.org/check?uri=referer
bst-search/simulation/docs/runtime/js/bstSearchPractice_js.html     http://validator.w3.org/check?uri=referer
bst-search/simulation/docs/runtime/js/bstSearch_js.html     http://validator.w3.org/check?uri=referer
bst-search/simulation/docs/runtime/js/realization-catalog.html     http://validator.w3.org/check?uri=referer
bst-search/simulation/docs/runtime/html/old/BSTconstruction.html     http://validator.w3.org/check?uri=referer
bst-search/simulation/docs/runtime/html/old/BSTdelete.html     http://validator.w3.org/check?uri=referer
bst-search/simulation/docs/runtime/html/old/BSTsort.html     http://validator.w3.org/check?uri=referer
bst-search/simulation/docs/runtime/html/old/BSTtraversal.html     http://validator.w3.org/check?uri=referer
